0 info it worked if it ends with ok
1 verbose cli [ '/Users/johan/.asdf/installs/nodejs/6.11.5/bin/node',
1 verbose cli   '/Users/johan/.asdf/installs/nodejs/6.11.5/bin/npm',
1 verbose cli   'run',
1 verbose cli   'dev' ]
2 info using npm@3.10.10
3 info using node@v6.11.5
4 verbose run-script [ 'predev', 'dev', 'postdev' ]
5 info lifecycle tv-indexer@0.0.1~predev: tv-indexer@0.0.1
6 silly lifecycle tv-indexer@0.0.1~predev: no script for predev, continuing
7 info lifecycle tv-indexer@0.0.1~dev: tv-indexer@0.0.1
8 verbose lifecycle tv-indexer@0.0.1~dev: unsafe-perm in lifecycle true
9 verbose lifecycle tv-indexer@0.0.1~dev: PATH: /Users/johan/.asdf/installs/nodejs/6.11.5/lib/node_modules/npm/bin/node-gyp-bin:/Users/johan/Sites/other/tvIndexer/node_modules/.bin:/Users/johan/.asdf/installs/nodejs/6.11.5/bin:/usr/local/sbin:/Users/johan/.yarn/bin:/usr/local/opt/elasticsearch@2.4/bin:/usr/local/opt/curl/bin:/Users/johan/.asdf/bin:/Users/johan/.asdf/shims:/usr/local/bin:/usr/bin:/bin:/usr/sbin:/sbin
10 verbose lifecycle tv-indexer@0.0.1~dev: CWD: /Users/johan/Sites/other/tvIndexer
11 silly lifecycle tv-indexer@0.0.1~dev: Args: [ '-c', 'source .env.development && node tasks/runner.js' ]
12 silly lifecycle tv-indexer@0.0.1~dev: Returned: code: 1  signal: null
13 info lifecycle tv-indexer@0.0.1~dev: Failed to exec dev script
14 verbose stack Error: tv-indexer@0.0.1 dev: `source .env.development && node tasks/runner.js`
14 verbose stack Exit status 1
14 verbose stack     at EventEmitter.<anonymous> (/Users/johan/.asdf/installs/nodejs/6.11.5/lib/node_modules/npm/lib/utils/lifecycle.js:255:16)
14 verbose stack     at emitTwo (events.js:106:13)
14 verbose stack     at EventEmitter.emit (events.js:191:7)
14 verbose stack     at ChildProcess.<anonymous> (/Users/johan/.asdf/installs/nodejs/6.11.5/lib/node_modules/npm/lib/utils/spawn.js:40:14)
14 verbose stack     at emitTwo (events.js:106:13)
14 verbose stack     at ChildProcess.emit (events.js:191:7)
14 verbose stack     at maybeClose (internal/child_process.js:920:16)
14 verbose stack     at Process.ChildProcess._handle.onexit (internal/child_process.js:230:5)
15 verbose pkgid tv-indexer@0.0.1
16 verbose cwd /Users/johan/Sites/other/tvIndexer
17 error Darwin 17.3.0
18 error argv "/Users/johan/.asdf/installs/nodejs/6.11.5/bin/node" "/Users/johan/.asdf/installs/nodejs/6.11.5/bin/npm" "run" "dev"
19 error node v6.11.5
20 error npm  v3.10.10
21 error code ELIFECYCLE
22 error tv-indexer@0.0.1 dev: `source .env.development && node tasks/runner.js`
22 error Exit status 1
23 error Failed at the tv-indexer@0.0.1 dev script 'source .env.development && node tasks/runner.js'.
23 error Make sure you have the latest version of node.js and npm installed.
23 error If you do, this is most likely a problem with the tv-indexer package,
23 error not with npm itself.
23 error Tell the author that this fails on your system:
23 error     source .env.development && node tasks/runner.js
23 error You can get information on how to open an issue for this project with:
23 error     npm bugs tv-indexer
23 error Or if that isn't available, you can get their info via:
23 error     npm owner ls tv-indexer
23 error There is likely additional logging output above.
24 verbose exit [ 1, true ]
